Determining if the pthread_create exist failed with the following output:
Change Dir: /home/hxhx/darknet/haixun00/object_tracker_ros/build/CMakeFiles/CMakeTmp

Run Build Command:/usr/bin/make "cmTryCompileExec2195669141/fast"
make[1]: Entering directory `/home/hxhx/darknet/haixun00/object_tracker_ros/build/CMakeFiles/CMakeTmp'
/usr/bin/make -f CMakeFiles/cmTryCompileExec2195669141.dir/build.make CMakeFiles/cmTryCompileExec2195669141.dir/build
make[2]: Entering directory `/home/hxhx/darknet/haixun00/object_tracker_ros/build/CMakeFiles/CMakeTmp'
/usr/bin/cmake -E cmake_progress_report /home/hxhx/darknet/haixun00/object_tracker_ros/build/CMakeFiles/CMakeTmp/CMakeFiles 1
Building C object CMakeFiles/cmTryCompileExec2195669141.dir/CheckSymbolExists.c.o
/usr/bin/cc    -o CMakeFiles/cmTryCompileExec2195669141.dir/CheckSymbolExists.c.o   -c /home/hxhx/darknet/haixun00/object_tracker_ros/build/CMakeFiles/CMakeTmp/CheckSymbolExists.c
Linking C executable cmTryCompileExec2195669141
/usr/bin/cmake -E cmake_link_script CMakeFiles/cmTryCompileExec2195669141.dir/link.txt --verbose=1
/usr/bin/cc       CMakeFiles/cmTryCompileExec2195669141.dir/CheckSymbolExists.c.o  -o cmTryCompileExec2195669141 -rdynamic 
CMakeFiles/cmTryCompileExec2195669141.dir/CheckSymbolExists.c.o: In function `main':
CheckSymbolExists.c:(.text+0x16): undefined reference to `pthread_create'
collect2: error: ld returned 1 exit status
make[2]: *** [cmTryCompileExec2195669141] Error 1
make[2]: Leaving directory `/home/hxhx/darknet/haixun00/object_tracker_ros/build/CMakeFiles/CMakeTmp'
make[1]: *** [cmTryCompileExec2195669141/fast] Error 2
make[1]: Leaving directory `/home/hxhx/darknet/haixun00/object_tracker_ros/build/CMakeFiles/CMakeTmp'

File /home/hxhx/darknet/haixun00/object_tracker_ros/build/CMakeFiles/CMakeTmp/CheckSymbolExists.c:
/* */
#include <pthread.h>

int main(int argc, char** argv)
{
  (void)argv;
#ifndef pthread_create
  return ((int*)(&pthread_create))[argc];
#else
  (void)argc;
  return 0;
#endif
}

Determining if the function pthread_create exists in the pthreads failed with the following output:
Change Dir: /home/hxhx/darknet/haixun00/object_tracker_ros/build/CMakeFiles/CMakeTmp

Run Build Command:/usr/bin/make "cmTryCompileExec1456965892/fast"
make[1]: Entering directory `/home/hxhx/darknet/haixun00/object_tracker_ros/build/CMakeFiles/CMakeTmp'
/usr/bin/make -f CMakeFiles/cmTryCompileExec1456965892.dir/build.make CMakeFiles/cmTryCompileExec1456965892.dir/build
make[2]: Entering directory `/home/hxhx/darknet/haixun00/object_tracker_ros/build/CMakeFiles/CMakeTmp'
/usr/bin/cmake -E cmake_progress_report /home/hxhx/darknet/haixun00/object_tracker_ros/build/CMakeFiles/CMakeTmp/CMakeFiles 1
Building C object CMakeFiles/cmTryCompileExec1456965892.dir/CheckFunctionExists.c.o
/usr/bin/cc   -DCHECK_FUNCTION_EXISTS=pthread_create   -o CMakeFiles/cmTryCompileExec1456965892.dir/CheckFunctionExists.c.o   -c /usr/share/cmake-2.8/Modules/CheckFunctionExists.c
Linking C executable cmTryCompileExec1456965892
/usr/bin/cmake -E cmake_link_script CMakeFiles/cmTryCompileExec1456965892.dir/link.txt --verbose=1
/usr/bin/cc   -DCHECK_FUNCTION_EXISTS=pthread_create    CMakeFiles/cmTryCompileExec1456965892.dir/CheckFunctionExists.c.o  -o cmTryCompileExec1456965892 -rdynamic -lpthreads 
/usr/bin/ld: cannot find -lpthreads
collect2: error: ld returned 1 exit status
make[2]: Leaving directory `/home/hxhx/darknet/haixun00/object_tracker_ros/build/CMakeFiles/CMakeTmp'
make[2]: *** [cmTryCompileExec1456965892] Error 1
make[1]: Leaving directory `/home/hxhx/darknet/haixun00/object_tracker_ros/build/CMakeFiles/CMakeTmp'
make[1]: *** [cmTryCompileExec1456965892/fast] Error 2


Determining if the function sgetrf_single exists failed with the following output:
Change Dir: /home/hxhx/darknet/haixun00/object_tracker_ros/build/CMakeFiles/CMakeTmp

Run Build Command:/usr/bin/make "cmTryCompileExec1758237122/fast"
make[1]: Entering directory `/home/hxhx/darknet/haixun00/object_tracker_ros/build/CMakeFiles/CMakeTmp'
/usr/bin/make -f CMakeFiles/cmTryCompileExec1758237122.dir/build.make CMakeFiles/cmTryCompileExec1758237122.dir/build
make[2]: Entering directory `/home/hxhx/darknet/haixun00/object_tracker_ros/build/CMakeFiles/CMakeTmp'
/usr/bin/cmake -E cmake_progress_report /home/hxhx/darknet/haixun00/object_tracker_ros/build/CMakeFiles/CMakeTmp/CMakeFiles 1
Building C object CMakeFiles/cmTryCompileExec1758237122.dir/CheckFunctionExists.c.o
/usr/bin/cc   -DCHECK_FUNCTION_EXISTS=sgetrf_single   -o CMakeFiles/cmTryCompileExec1758237122.dir/CheckFunctionExists.c.o   -c /usr/share/cmake-2.8/Modules/CheckFunctionExists.c
Linking C executable cmTryCompileExec1758237122
/usr/bin/cmake -E cmake_link_script CMakeFiles/cmTryCompileExec1758237122.dir/link.txt --verbose=1
/usr/bin/cc   -DCHECK_FUNCTION_EXISTS=sgetrf_single    CMakeFiles/cmTryCompileExec1758237122.dir/CheckFunctionExists.c.o  -o cmTryCompileExec1758237122 -rdynamic -lopenblas 
CMakeFiles/cmTryCompileExec1758237122.dir/CheckFunctionExists.c.o: In function `main':
CheckFunctionExists.c:(.text+0x15): undefined reference to `sgetrf_single'
collect2: error: ld returned 1 exit status
make[2]: *** [cmTryCompileExec1758237122] Error 1
make[2]: Leaving directory `/home/hxhx/darknet/haixun00/object_tracker_ros/build/CMakeFiles/CMakeTmp'
make[1]: *** [cmTryCompileExec1758237122/fast] Error 2
make[1]: Leaving directory `/home/hxhx/darknet/haixun00/object_tracker_ros/build/CMakeFiles/CMakeTmp'


